<?xml version="1.0" encoding="UTF-8"?>
<testsuite xmlns:xsi="http://www.w3.org/2001/XMLSchema-instance" xsi:noNamespaceSchemaLocation="https://maven.apache.org/surefire/maven-surefire-plugin/xsd/surefire-test-report.xsd" version="3.0.2" name="dev.ggid.sdk.PolicyTest" time="0.169" tests="16" errors="0" skipped="0" failures="0">
  <properties>
[...]
</properties>
  <testcase name="testABACEvalResultNoMatchedRules" classname="dev.ggid.sdk.PolicyTest" time="0.046"/>
  <testcase name="testPolicyResultDeserialization" classname="dev.ggid.sdk.PolicyTest" time="0.003"/>
  <testcase name="testPolicyCheckRequestSerialization" classname="dev.ggid.sdk.PolicyTest" time="0.01"/>
  <testcase name="testPolicyResultWithExtraFieldsIgnored" classname="dev.ggid.sdk.PolicyTest" time="0.001"/>
  <testcase name="testRoleDeserialization" classname="dev.ggid.sdk.PolicyTest" time="0.002"/>
  <testcase name="testPermissionDeserialization" classname="dev.ggid.sdk.PolicyTest" time="0.003"/>
  <testcase name="testABACConditionDeserialization" classname="dev.ggid.sdk.PolicyTest" time="0.002"/>
  <testcase name="testABACEvalResultDeserialization" classname="dev.ggid.sdk.PolicyTest" time="0.0"/>
  <testcase name="testPolicyCheckRequestDeserialization" classname="dev.ggid.sdk.PolicyTest" time="0.002"/>
  <testcase name="testPermissionWithChildren" classname="dev.ggid.sdk.PolicyTest" time="0.001"/>
  <testcase name="testABACConditionAllOperators" classname="dev.ggid.sdk.PolicyTest" time="0.0"/>
  <testcase name="testPolicyResultSerialization" classname="dev.ggid.sdk.PolicyTest" time="0.002"/>
  <testcase name="testPolicyCheckRequestMinimalConstructor" classname="dev.ggid.sdk.PolicyTest" time="0.001"/>
  <testcase name="testABACConditionSerialization" classname="dev.ggid.sdk.PolicyTest" time="0.002"/>
  <testcase name="testRoleListDeserialization" classname="dev.ggid.sdk.PolicyTest" time="0.002"/>
  <testcase name="testABACEvalRequestSerialization" classname="dev.ggid.sdk.PolicyTest" time="0.008"/>
</testsuite>